


ARM Macro Assembler    Page 1 


    1 00000000                 PRESERVE8
    2 00000000                 THUMB
    3 00000000         
    4 00000000                 import           LongueurSon
    5 00000000                 import           Son
    6 00000000         
    7 00000000                 include          DriverJeuLaser.inc
    1 00000000         
    2 00000000         ; Bibliotheque DriverJeuLaser (ancienne gassp72 adaptée 
                       2021 - TR)
    3 00000000         ; Accès en aux fonctions suivantes :
    4 00000000         ; GPIO :
    5 00000000         ; GPIOA_Set(char Broche), GPIOB_Set(char Broche), GPIOC_
                       Set(char Broche)
    6 00000000         ; GPIOA_Clear(char Broche), GPIOB_Clear(char Broche), GP
                       IOC_Clear(char Broche)
    7 00000000         
    8 00000000         ; PWM :
    9 00000000         ;/**
   10 00000000         ; * @brief  Fixe une valeur de PWM, Val, en tick horloge
                       . La rapport cyclique effectif
   11 00000000         ; * est donc : rcy = Thaut_ticks / Periode_ticks
   12 00000000         ; * @note   spécifique Jeu Laser, PWM liée exclusivement
                        au TIM3, chan3
   13 00000000         ; * @param  Thaut_ticks : durée de l'état haut d'une imp
                       ulsion en Ticks
   14 00000000         ;  * @retval None
   15 00000000         ; */
   16 00000000         
   17 00000000         ;void PWM_Set_Value_TIM3_Ch3( unsigned short int Thaut_t
                       icks);
   18 00000000                 import           PWM_Set_Value_TIM3_Ch3
   19 00000000         
   20 00000000         
   21 00000000         
   22 00000000         ;/**
   23 00000000         ; * @brief  Mise à 1 d'une broche GPIO 
   24 00000000         ;  * @note   Une fonction par GPIO
   25 00000000         ; * @param  Broche : 0 à 15
   26 00000000         ; * @retval None
   27 00000000         ; */
   28 00000000         
   29 00000000         ;void GPIOA_Set(char Broche);
   30 00000000                 import           GPIOA_Set
   31 00000000         
   32 00000000         ;void GPIOB_Set(char Broche);
   33 00000000                 import           GPIOB_Set
   34 00000000         
   35 00000000         ;void GPIOC_Set(char Broche);
   36 00000000                 import           GPIOC_Set
   37 00000000         
   38 00000000         
   39 00000000         
   40 00000000         ;/**
   41 00000000         ; * @brief  Mise à 0 d'une broche GPIO 
   42 00000000         ;  * @note   Une fonction par GPIO
   43 00000000         ; * @param  Broche : 0 à 15
   44 00000000         ; * @retval None
   45 00000000         ;  */



ARM Macro Assembler    Page 2 


   46 00000000         
   47 00000000         ;void GPIOA_Clear(char Broche);
   48 00000000                 import           GPIOA_Clear
   49 00000000         
   50 00000000         ;void GPIOB_Clear(char Broche);
   51 00000000                 import           GPIOB_Clear
   52 00000000         
   53 00000000         ;void GPIOC_Clear(char Broche);
   54 00000000                 import           GPIOC_Clear
   55 00000000         
   56 00000000                 end
    8 00000000         
    9 00000000                 export           SortieSon
   10 00000000                 export           CallbackSon
   11 00000000                 export           IndTable
   12 00000000         
   13 00000000         ; ====================== zone de réservation de données,
                         ======================================
   14 00000000         ;Section RAM (read only) :
   15 00000000                 area             mesdata,data,readonly
   16 00000000         
   17 00000000         
   18 00000000         ;Section RAM (read write):
   19 00000000                 area             maram,data,readwrite
   20 00000000         
   21 00000000 00 00   SortieSon
                               dcw              0
   22 00000002 00 00 00000000 
                       IndTable
                               dcd              0
   23 00000008         
   24 00000008         
   25 00000008         
   26 00000008         ; ======================================================
                       =========================================
   27 00000008         
   28 00000008         
   29 00000008         ;Section ROM code (read only) :  
   30 00000008                 area             moncode,code,readonly
   31 00000000         ; écrire le code ici 
   32 00000000         
   33 00000000         CallbackSon
                               proc
   34 00000000         
   35 00000000         ;si (IndTable <= longueur plage)
   36 00000000 B5F0            push             {lr, r4-r7}
   37 00000002         
   38 00000002 490F            ldr              r1, =IndTable ; r1 contient @ I
                                                            ndTable
   39 00000004 6808            ldr              r0, [r1]    ; r0 contient valeu
                                                            r IndTable
   40 00000006 4B0F            ldr              r3, =LongueurSon ; r3 contient 
                                                            @ LongueurSon
   41 00000008 681A            ldr              r2, [r3]    ; r2 contient valeu
                                                            r LongueurSon
   42 0000000A         
   43 0000000A 4290            cmp              r0, r2
   44 0000000C DC11            bgt              fin
   45 0000000E         



ARM Macro Assembler    Page 3 


   46 0000000E 4C0E            ldr              r4, =Son    ; r4 contient @ Son
                                                            
   47 00000010         
   48 00000010 F934 6010       ldrsh            r6, [r4, r0, lsl #1]
   49 00000014         
   50 00000014 4D0D            ldr              r5, =SortieSon ; r5 contient @ 
                                                            SortieSon
   51 00000016         
   52 00000016         ; mise à l'échelle
   53 00000016         
   54 00000016 F506 4600       add              r6, #32768
   55 0000001A F44F 7734       mov              r7, #720
   56 0000001E FB06 F607       mul              r6, r6, r7
   57 00000022 EA4F 4626       asr              r6, #16
   58 00000026         
   59 00000026         ; Sortir Rx
   60 00000026         
   61 00000026 602E            str              r6, [r5]
   62 00000028         
   63 00000028 B403            push             {r0-r1}
   64 0000002A 4630            mov              r0, r6
   65 0000002C F7FF FFFE       bl               PWM_Set_Value_TIM3_Ch3
   66 00000030 BC03            pop              {r0-r1}
   67 00000032         
   68 00000032         fin
   69 00000032         
   70 00000032         ; IndTable ++ 
   71 00000032         
   72 00000032 F100 0001       add              r0, #1
   73 00000036 6008            str              r0, [r1]
   74 00000038         
   75 00000038 E8BD 40F0       pop              {lr, r4-r7}
   76 0000003C         
   77 0000003C 4770            bx               lr
   78 0000003E         
   79 0000003E                 endp
   80 0000003E         
   81 0000003E         
   82 0000003E                 END
              00 00 00000000 
              00000000 
              00000000 
              00000000 
Command Line: --debug --xref --diag_suppress=9931 --cpu=Cortex-M3 --apcs=interw
ork --depend=.\obj\gestionson.d -o.\obj\gestionson.o -I.\Driver -I.\RTE\_CibleS
ondeKEIL -IC:\Programdata\Keil\Arm\Packs\ARM\CMSIS\5.7.0\CMSIS\Core\Include -IC
:\Programdata\Keil\Arm\Packs\Keil\STM32F1xx_DFP\2.3.0\Device\Include --predefin
e="__EVAL SETA 1" --predefine="__MICROLIB SETA 1" --predefine="__UVISION_VERSIO
N SETA 534" --predefine="_RTE_ SETA 1" --predefine="STM32F10X_MD SETA 1" --pred
efine="_RTE_ SETA 1" --list=gestionson.lst Src\GestionSon.s



ARM Macro Assembler    Page 1 Alphabetic symbol ordering
Relocatable symbols

mesdata 00000000

Symbol: mesdata
   Definitions
      At line 15 in file Src\GestionSon.s
   Uses
      None
Comment: mesdata unused
1 symbol



ARM Macro Assembler    Page 1 Alphabetic symbol ordering
Relocatable symbols

IndTable 00000004

Symbol: IndTable
   Definitions
      At line 22 in file Src\GestionSon.s
   Uses
      At line 11 in file Src\GestionSon.s
      At line 38 in file Src\GestionSon.s

SortieSon 00000000

Symbol: SortieSon
   Definitions
      At line 21 in file Src\GestionSon.s
   Uses
      At line 9 in file Src\GestionSon.s
      At line 50 in file Src\GestionSon.s

maram 00000000

Symbol: maram
   Definitions
      At line 19 in file Src\GestionSon.s
   Uses
      None
Comment: maram unused
3 symbols



ARM Macro Assembler    Page 1 Alphabetic symbol ordering
Relocatable symbols

CallbackSon 00000000

Symbol: CallbackSon
   Definitions
      At line 33 in file Src\GestionSon.s
   Uses
      At line 10 in file Src\GestionSon.s
Comment: CallbackSon used once
fin 00000032

Symbol: fin
   Definitions
      At line 68 in file Src\GestionSon.s
   Uses
      At line 44 in file Src\GestionSon.s
Comment: fin used once
moncode 00000000

Symbol: moncode
   Definitions
      At line 30 in file Src\GestionSon.s
   Uses
      None
Comment: moncode unused
3 symbols



ARM Macro Assembler    Page 1 Alphabetic symbol ordering
External symbols

GPIOA_Clear 00000000

Symbol: GPIOA_Clear
   Definitions
      At line 48 in file .\Driver\DriverJeuLaser.inc
   Uses
      None
Comment: GPIOA_Clear unused
GPIOA_Set 00000000

Symbol: GPIOA_Set
   Definitions
      At line 30 in file .\Driver\DriverJeuLaser.inc
   Uses
      None
Comment: GPIOA_Set unused
GPIOB_Clear 00000000

Symbol: GPIOB_Clear
   Definitions
      At line 51 in file .\Driver\DriverJeuLaser.inc
   Uses
      None
Comment: GPIOB_Clear unused
GPIOB_Set 00000000

Symbol: GPIOB_Set
   Definitions
      At line 33 in file .\Driver\DriverJeuLaser.inc
   Uses
      None
Comment: GPIOB_Set unused
GPIOC_Clear 00000000

Symbol: GPIOC_Clear
   Definitions
      At line 54 in file .\Driver\DriverJeuLaser.inc
   Uses
      None
Comment: GPIOC_Clear unused
GPIOC_Set 00000000

Symbol: GPIOC_Set
   Definitions
      At line 36 in file .\Driver\DriverJeuLaser.inc
   Uses
      None
Comment: GPIOC_Set unused
LongueurSon 00000000

Symbol: LongueurSon
   Definitions
      At line 4 in file Src\GestionSon.s
   Uses
      At line 40 in file Src\GestionSon.s
Comment: LongueurSon used once
PWM_Set_Value_TIM3_Ch3 00000000

Symbol: PWM_Set_Value_TIM3_Ch3



ARM Macro Assembler    Page 2 Alphabetic symbol ordering
External symbols

   Definitions
      At line 18 in file .\Driver\DriverJeuLaser.inc
   Uses
      At line 65 in file Src\GestionSon.s
Comment: PWM_Set_Value_TIM3_Ch3 used once
Son 00000000

Symbol: Son
   Definitions
      At line 5 in file Src\GestionSon.s
   Uses
      At line 46 in file Src\GestionSon.s
Comment: Son used once
9 symbols
353 symbols in table
